

Started GET "/" for 127.0.0.1 at 2016-02-27 16:45:10 -0500
Processing by Rails::WelcomeController#index as HTML
  Rendered /usr/share/gems/gems/railties-4.2.5/lib/rails/templates/rails/welcome/index.html.erb (1.3ms)
Completed 200 OK in 59ms (Views: 40.9ms | ActiveRecord: 0.0ms)


Started GET "/" for 127.0.0.1 at 2016-02-27 16:53:23 -0500
Processing by ApplicationController#index as HTML
  Rendered text template (0.0ms)
Completed 200 OK in 18ms (Views: 12.4ms | ActiveRecord: 0.0ms)


Started GET "/" for 127.0.0.1 at 2016-02-27 18:15:52 -0500
Processing by ApplicationController#index as HTML
  Rendered text template (0.0ms)
Completed 200 OK in 96ms (Views: 54.0ms | ActiveRecord: 0.0ms)


Started GET "/" for 127.0.0.1 at 2016-02-27 18:20:41 -0500

ActiveRecord::NoDatabaseError (FATAL:  database "db/development" does not exist
):
  activerecord (4.2.5) lib/active_record/connection_adapters/postgresql_adapter.rb:661:in `rescue in connect'
  activerecord (4.2.5) lib/active_record/connection_adapters/postgresql_adapter.rb:651:in `connect'
  activerecord (4.2.5) lib/active_record/connection_adapters/postgresql_adapter.rb:242:in `initialize'
  activerecord (4.2.5) lib/active_record/connection_adapters/postgresql_adapter.rb:44:in `new'
  activerecord (4.2.5) lib/active_record/connection_adapters/postgresql_adapter.rb:44:in `postgresql_connection'
  activerecord (4.2.5) lib/active_record/connection_adapters/abstract/connection_pool.rb:438:in `new_connection'
  activerecord (4.2.5) lib/active_record/connection_adapters/abstract/connection_pool.rb:448:in `checkout_new_connection'
  activerecord (4.2.5) lib/active_record/connection_adapters/abstract/connection_pool.rb:422:in `acquire_connection'
  activerecord (4.2.5) lib/active_record/connection_adapters/abstract/connection_pool.rb:349:in `block in checkout'
  /home/jeton/.rvm/rubies/ruby-2.3.0/lib/ruby/2.3.0/monitor.rb:214:in `mon_synchronize'
  activerecord (4.2.5) lib/active_record/connection_adapters/abstract/connection_pool.rb:348:in `checkout'
  activerecord (4.2.5) lib/active_record/connection_adapters/abstract/connection_pool.rb:263:in `block in connection'
  /home/jeton/.rvm/rubies/ruby-2.3.0/lib/ruby/2.3.0/monitor.rb:214:in `mon_synchronize'
  activerecord (4.2.5) lib/active_record/connection_adapters/abstract/connection_pool.rb:262:in `connection'
  activerecord (4.2.5) lib/active_record/connection_adapters/abstract/connection_pool.rb:571:in `retrieve_connection'
  activerecord (4.2.5) lib/active_record/connection_handling.rb:113:in `retrieve_connection'
  activerecord (4.2.5) lib/active_record/connection_handling.rb:87:in `connection'
  activerecord (4.2.5) lib/active_record/migration.rb:383:in `connection'
  activerecord (4.2.5) lib/active_record/migration.rb:370:in `call'
  actionpack (4.2.5) lib/action_dispatch/middleware/callbacks.rb:29:in `block in call'
  activesupport (4.2.5) lib/active_support/callbacks.rb:88:in `__run_callbacks__'
  activesupport (4.2.5) lib/active_support/callbacks.rb:778:in `_run_call_callbacks'
  activesupport (4.2.5) lib/active_support/callbacks.rb:81:in `run_callbacks'
  actionpack (4.2.5) lib/action_dispatch/middleware/callbacks.rb:27:in `call'
  actionpack (4.2.5) lib/action_dispatch/middleware/reloader.rb:73:in `call'
  actionpack (4.2.5) lib/action_dispatch/middleware/remote_ip.rb:78:in `call'
  actionpack (4.2.5) lib/action_dispatch/middleware/debug_exceptions.rb:17:in `call'
  web-console (2.3.0) lib/web_console/middleware.rb:28:in `block in call'
  web-console (2.3.0) lib/web_console/middleware.rb:18:in `catch'
  web-console (2.3.0) lib/web_console/middleware.rb:18:in `call'
  actionpack (4.2.5) lib/action_dispatch/middleware/show_exceptions.rb:30:in `call'
  railties (4.2.5) lib/rails/rack/logger.rb:38:in `call_app'
  railties (4.2.5) lib/rails/rack/logger.rb:20:in `block in call'
  activesupport (4.2.5) lib/active_support/tagged_logging.rb:68:in `block in tagged'
  activesupport (4.2.5) lib/active_support/tagged_logging.rb:26:in `tagged'
  activesupport (4.2.5) lib/active_support/tagged_logging.rb:68:in `tagged'
  railties (4.2.5) lib/rails/rack/logger.rb:20:in `call'
  actionpack (4.2.5) lib/action_dispatch/middleware/request_id.rb:21:in `call'
  rack (1.6.4) lib/rack/methodoverride.rb:22:in `call'
  rack (1.6.4) lib/rack/runtime.rb:18:in `call'
  activesupport (4.2.5) lib/active_support/cache/strategy/local_cache_middleware.rb:28:in `call'
  rack (1.6.4) lib/rack/lock.rb:17:in `call'
  actionpack (4.2.5) lib/action_dispatch/middleware/static.rb:116:in `call'
  rack (1.6.4) lib/rack/sendfile.rb:113:in `call'
  railties (4.2.5) lib/rails/engine.rb:518:in `call'
  railties (4.2.5) lib/rails/application.rb:165:in `call'
  rack (1.6.4) lib/rack/lock.rb:17:in `call'
  rack (1.6.4) lib/rack/content_length.rb:15:in `call'
  rack (1.6.4) lib/rack/handler/webrick.rb:88:in `service'
  /home/jeton/.rvm/rubies/ruby-2.3.0/lib/ruby/2.3.0/webrick/httpserver.rb:140:in `service'
  /home/jeton/.rvm/rubies/ruby-2.3.0/lib/ruby/2.3.0/webrick/httpserver.rb:96:in `run'
  /home/jeton/.rvm/rubies/ruby-2.3.0/lib/ruby/2.3.0/webrick/server.rb:296:in `block in start_thread'


  Rendered /home/jeton/.rvm/gems/ruby-2.3.0/gems/actionpack-4.2.5/lib/action_dispatch/middleware/templates/rescues/_source.erb (3.2ms)
  Rendered /home/jeton/.rvm/gems/ruby-2.3.0/gems/actionpack-4.2.5/lib/action_dispatch/middleware/templates/rescues/_trace.html.erb (1.8ms)
  Rendered /home/jeton/.rvm/gems/ruby-2.3.0/gems/actionpack-4.2.5/lib/action_dispatch/middleware/templates/rescues/_request_and_response.html.erb (0.9ms)
  Rendered /home/jeton/.rvm/gems/ruby-2.3.0/gems/actionpack-4.2.5/lib/action_dispatch/middleware/templates/rescues/diagnostics.html.erb within rescues/layout (18.3ms)
  Rendered /home/jeton/.rvm/gems/ruby-2.3.0/gems/web-console-2.3.0/lib/web_console/templates/_markup.html.erb (0.4ms)
  Rendered /home/jeton/.rvm/gems/ruby-2.3.0/gems/web-console-2.3.0/lib/web_console/templates/_inner_console_markup.html.erb within layouts/inlined_string (0.3ms)
  Rendered /home/jeton/.rvm/gems/ruby-2.3.0/gems/web-console-2.3.0/lib/web_console/templates/_prompt_box_markup.html.erb within layouts/inlined_string (0.2ms)
  Rendered /home/jeton/.rvm/gems/ruby-2.3.0/gems/web-console-2.3.0/lib/web_console/templates/style.css.erb within layouts/inlined_string (0.3ms)
  Rendered /home/jeton/.rvm/gems/ruby-2.3.0/gems/web-console-2.3.0/lib/web_console/templates/console.js.erb within layouts/javascript (17.7ms)
  Rendered /home/jeton/.rvm/gems/ruby-2.3.0/gems/web-console-2.3.0/lib/web_console/templates/main.js.erb within layouts/javascript (0.3ms)
  Rendered /home/jeton/.rvm/gems/ruby-2.3.0/gems/web-console-2.3.0/lib/web_console/templates/error_page.js.erb within layouts/javascript (0.3ms)
  Rendered /home/jeton/.rvm/gems/ruby-2.3.0/gems/web-console-2.3.0/lib/web_console/templates/index.html.erb (32.8ms)
  [1m[36m (68.6ms)[0m  [1mCREATE TABLE "schema_migrations" ("version" character varying NOT NULL) [0m
  [1m[35m (62.3ms)[0m  CREATE UNIQUE INDEX  "unique_schema_migrations" ON "schema_migrations"  ("version")
  [1m[36mActiveRecord::SchemaMigration Load (0.6ms)[0m  [1mSELECT "schema_migrations".* FROM "schema_migrations"[0m


Started GET "/" for 127.0.0.1 at 2016-02-27 18:22:13 -0500
Processing by ApplicationController#index as HTML
  Rendered text template (0.0ms)
Completed 200 OK in 15ms (Views: 7.0ms | ActiveRecord: 0.0ms)
  [1m[36mActiveRecord::SchemaMigration Load (0.5ms)[0m  [1mSELECT "schema_migrations".* FROM "schema_migrations"[0m
  [1m[36mActiveRecord::SchemaMigration Load (1.8ms)[0m  [1mSELECT "schema_migrations".* FROM "schema_migrations"[0m
Migrating to DeviseCreateUsers (20160303155932)
  [1m[35m (0.2ms)[0m  BEGIN
  [1m[36m (1.4ms)[0m  [1mCREATE TABLE "users" ("id" serial primary key, "email" character varying DEFAULT '' NOT NULL, "encrypted_password" character varying DEFAULT '' NOT NULL, "reset_password_token" character varying, "reset_password_sent_at" timestamp, "remember_created_at" timestamp, "sign_in_count" integer DEFAULT 0 NOT NULL, "current_sign_in_at" timestamp, "last_sign_in_at" timestamp, "current_sign_in_ip" inet, "last_sign_in_ip" inet, "created_at" timestamp NOT NULL, "updated_at" timestamp NOT NULL) [0m
  [1m[35m (0.1ms)[0m  ROLLBACK
  [1m[36m (44.3ms)[0m  [1mCREATE TABLE "schema_migrations" ("version" character varying NOT NULL) [0m
  [1m[35m (5.5ms)[0m  CREATE UNIQUE INDEX  "unique_schema_migrations" ON "schema_migrations"  ("version")
  [1m[36mActiveRecord::SchemaMigration Load (0.2ms)[0m  [1mSELECT "schema_migrations".* FROM "schema_migrations"[0m
Migrating to DeviseCreateUsers (20160303155932)
  [1m[35m (0.1ms)[0m  BEGIN
  [1m[36m (6.3ms)[0m  [1mCREATE TABLE "users" ("id" serial primary key, "email" character varying DEFAULT '' NOT NULL, "encrypted_password" character varying DEFAULT '' NOT NULL, "reset_password_token" character varying, "reset_password_sent_at" timestamp, "remember_created_at" timestamp, "sign_in_count" integer DEFAULT 0 NOT NULL, "current_sign_in_at" timestamp, "last_sign_in_at" timestamp, "current_sign_in_ip" inet, "last_sign_in_ip" inet, "created_at" timestamp NOT NULL, "updated_at" timestamp NOT NULL) [0m
  [1m[35m (2.1ms)[0m  CREATE UNIQUE INDEX  "index_users_on_email" ON "users"  ("email")
  [1m[36m (2.8ms)[0m  [1mCREATE UNIQUE INDEX  "index_users_on_reset_password_token" ON "users"  ("reset_password_token")[0m
  [1m[35mSQL (0.2ms)[0m  INSERT INTO "schema_migrations" ("version") VALUES ($1)  [["version", "20160303155932"]]
  [1m[36m (1.2ms)[0m  [1mCOMMIT[0m
  [1m[35mActiveRecord::SchemaMigration Load (0.1ms)[0m  SELECT "schema_migrations".* FROM "schema_migrations"
  [1m[36m (1.8ms)[0m  [1mSELECT t2.oid::regclass::text AS to_table, a1.attname AS column, a2.attname AS primary_key, c.conname AS name, c.confupdtype AS on_update, c.confdeltype AS on_delete
FROM pg_constraint c
JOIN pg_class t1 ON c.conrelid = t1.oid
JOIN pg_class t2 ON c.confrelid = t2.oid
JOIN pg_attribute a1 ON a1.attnum = c.conkey[1] AND a1.attrelid = t1.oid
JOIN pg_attribute a2 ON a2.attnum = c.confkey[1] AND a2.attrelid = t2.oid
JOIN pg_namespace t3 ON c.connamespace = t3.oid
WHERE c.contype = 'f'
  AND t1.relname = 'users'
  AND t3.nspname = ANY (current_schemas(false))
ORDER BY c.conname
[0m


Started GET "/" for 127.0.0.1 at 2016-03-03 11:01:54 -0500
  [1m[36mActiveRecord::SchemaMigration Load (0.4ms)[0m  [1mSELECT "schema_migrations".* FROM "schema_migrations"[0m
Processing by ApplicationController#index as HTML
  Rendered text template (0.0ms)
Completed 200 OK in 13ms (Views: 5.8ms | ActiveRecord: 0.0ms)


Started GET "/" for 127.0.0.1 at 2016-03-03 11:03:33 -0500
Processing by ApplicationController#index as HTML
  Rendered text template (0.0ms)
Completed 200 OK in 1ms (Views: 0.3ms | ActiveRecord: 0.0ms)


Started GET "/User" for 127.0.0.1 at 2016-03-03 11:03:38 -0500

ActionController::RoutingError (No route matches [GET] "/User"):
  actionpack (4.2.5) lib/action_dispatch/middleware/debug_exceptions.rb:21:in `call'
  web-console (2.3.0) lib/web_console/middleware.rb:28:in `block in call'
  web-console (2.3.0) lib/web_console/middleware.rb:18:in `catch'
  web-console (2.3.0) lib/web_console/middleware.rb:18:in `call'
  actionpack (4.2.5) lib/action_dispatch/middleware/show_exceptions.rb:30:in `call'
  railties (4.2.5) lib/rails/rack/logger.rb:38:in `call_app'
  railties (4.2.5) lib/rails/rack/logger.rb:20:in `block in call'
  activesupport (4.2.5) lib/active_support/tagged_logging.rb:68:in `block in tagged'
  activesupport (4.2.5) lib/active_support/tagged_logging.rb:26:in `tagged'
  activesupport (4.2.5) lib/active_support/tagged_logging.rb:68:in `tagged'
  railties (4.2.5) lib/rails/rack/logger.rb:20:in `call'
  actionpack (4.2.5) lib/action_dispatch/middleware/request_id.rb:21:in `call'
  rack (1.6.4) lib/rack/methodoverride.rb:22:in `call'
  rack (1.6.4) lib/rack/runtime.rb:18:in `call'
  activesupport (4.2.5) lib/active_support/cache/strategy/local_cache_middleware.rb:28:in `call'
  rack (1.6.4) lib/rack/lock.rb:17:in `call'
  actionpack (4.2.5) lib/action_dispatch/middleware/static.rb:116:in `call'
  rack (1.6.4) lib/rack/sendfile.rb:113:in `call'
  railties (4.2.5) lib/rails/engine.rb:518:in `call'
  railties (4.2.5) lib/rails/application.rb:165:in `call'
  rack (1.6.4) lib/rack/lock.rb:17:in `call'
  rack (1.6.4) lib/rack/content_length.rb:15:in `call'
  rack (1.6.4) lib/rack/handler/webrick.rb:88:in `service'
  /home/varun/.rbenv/versions/2.2.3/lib/ruby/2.2.0/webrick/httpserver.rb:138:in `service'
  /home/varun/.rbenv/versions/2.2.3/lib/ruby/2.2.0/webrick/httpserver.rb:94:in `run'
  /home/varun/.rbenv/versions/2.2.3/lib/ruby/2.2.0/webrick/server.rb:294:in `block in start_thread'


  Rendered /home/varun/.rbenv/versions/2.2.3/lib/ruby/gems/2.2.0/gems/actionpack-4.2.5/lib/action_dispatch/middleware/templates/rescues/_trace.html.erb (1.7ms)
  Rendered /home/varun/.rbenv/versions/2.2.3/lib/ruby/gems/2.2.0/gems/actionpack-4.2.5/lib/action_dispatch/middleware/templates/routes/_route.html.erb (3.3ms)
  Rendered /home/varun/.rbenv/versions/2.2.3/lib/ruby/gems/2.2.0/gems/actionpack-4.2.5/lib/action_dispatch/middleware/templates/routes/_table.html.erb (20.0ms)
  Rendered /home/varun/.rbenv/versions/2.2.3/lib/ruby/gems/2.2.0/gems/actionpack-4.2.5/lib/action_dispatch/middleware/templates/rescues/_request_and_response.html.erb (3.9ms)
  Rendered /home/varun/.rbenv/versions/2.2.3/lib/ruby/gems/2.2.0/gems/actionpack-4.2.5/lib/action_dispatch/middleware/templates/rescues/routing_error.html.erb within rescues/layout (68.8ms)
  Rendered /home/varun/.rbenv/versions/2.2.3/lib/ruby/gems/2.2.0/gems/web-console-2.3.0/lib/web_console/templates/_markup.html.erb (0.3ms)
  Rendered /home/varun/.rbenv/versions/2.2.3/lib/ruby/gems/2.2.0/gems/web-console-2.3.0/lib/web_console/templates/_inner_console_markup.html.erb within layouts/inlined_string (0.3ms)
  Rendered /home/varun/.rbenv/versions/2.2.3/lib/ruby/gems/2.2.0/gems/web-console-2.3.0/lib/web_console/templates/_prompt_box_markup.html.erb within layouts/inlined_string (0.4ms)
  Rendered /home/varun/.rbenv/versions/2.2.3/lib/ruby/gems/2.2.0/gems/web-console-2.3.0/lib/web_console/templates/style.css.erb within layouts/inlined_string (0.4ms)
  Rendered /home/varun/.rbenv/versions/2.2.3/lib/ruby/gems/2.2.0/gems/web-console-2.3.0/lib/web_console/templates/console.js.erb within layouts/javascript (19.9ms)
  Rendered /home/varun/.rbenv/versions/2.2.3/lib/ruby/gems/2.2.0/gems/web-console-2.3.0/lib/web_console/templates/main.js.erb within layouts/javascript (0.4ms)
  Rendered /home/varun/.rbenv/versions/2.2.3/lib/ruby/gems/2.2.0/gems/web-console-2.3.0/lib/web_console/templates/error_page.js.erb within layouts/javascript (0.4ms)
  Rendered /home/varun/.rbenv/versions/2.2.3/lib/ruby/gems/2.2.0/gems/web-console-2.3.0/lib/web_console/templates/index.html.erb (34.2ms)


Started GET "/users/sign_up(" for 127.0.0.1 at 2016-03-03 11:03:58 -0500

ActionController::RoutingError (No route matches [GET] "/users/sign_up("):
  actionpack (4.2.5) lib/action_dispatch/middleware/debug_exceptions.rb:21:in `call'
  web-console (2.3.0) lib/web_console/middleware.rb:28:in `block in call'
  web-console (2.3.0) lib/web_console/middleware.rb:18:in `catch'
  web-console (2.3.0) lib/web_console/middleware.rb:18:in `call'
  actionpack (4.2.5) lib/action_dispatch/middleware/show_exceptions.rb:30:in `call'
  railties (4.2.5) lib/rails/rack/logger.rb:38:in `call_app'
  railties (4.2.5) lib/rails/rack/logger.rb:20:in `block in call'
  activesupport (4.2.5) lib/active_support/tagged_logging.rb:68:in `block in tagged'
  activesupport (4.2.5) lib/active_support/tagged_logging.rb:26:in `tagged'
  activesupport (4.2.5) lib/active_support/tagged_logging.rb:68:in `tagged'
  railties (4.2.5) lib/rails/rack/logger.rb:20:in `call'
  actionpack (4.2.5) lib/action_dispatch/middleware/request_id.rb:21:in `call'
  rack (1.6.4) lib/rack/methodoverride.rb:22:in `call'
  rack (1.6.4) lib/rack/runtime.rb:18:in `call'
  activesupport (4.2.5) lib/active_support/cache/strategy/local_cache_middleware.rb:28:in `call'
  rack (1.6.4) lib/rack/lock.rb:17:in `call'
  actionpack (4.2.5) lib/action_dispatch/middleware/static.rb:116:in `call'
  rack (1.6.4) lib/rack/sendfile.rb:113:in `call'
  railties (4.2.5) lib/rails/engine.rb:518:in `call'
  railties (4.2.5) lib/rails/application.rb:165:in `call'
  rack (1.6.4) lib/rack/lock.rb:17:in `call'
  rack (1.6.4) lib/rack/content_length.rb:15:in `call'
  rack (1.6.4) lib/rack/handler/webrick.rb:88:in `service'
  /home/varun/.rbenv/versions/2.2.3/lib/ruby/2.2.0/webrick/httpserver.rb:138:in `service'
  /home/varun/.rbenv/versions/2.2.3/lib/ruby/2.2.0/webrick/httpserver.rb:94:in `run'
  /home/varun/.rbenv/versions/2.2.3/lib/ruby/2.2.0/webrick/server.rb:294:in `block in start_thread'


  Rendered /home/varun/.rbenv/versions/2.2.3/lib/ruby/gems/2.2.0/gems/actionpack-4.2.5/lib/action_dispatch/middleware/templates/rescues/_trace.html.erb (1.1ms)
  Rendered /home/varun/.rbenv/versions/2.2.3/lib/ruby/gems/2.2.0/gems/actionpack-4.2.5/lib/action_dispatch/middleware/templates/routes/_route.html.erb (1.1ms)
  Rendered /home/varun/.rbenv/versions/2.2.3/lib/ruby/gems/2.2.0/gems/actionpack-4.2.5/lib/action_dispatch/middleware/templates/routes/_table.html.erb (1.5ms)
  Rendered /home/varun/.rbenv/versions/2.2.3/lib/ruby/gems/2.2.0/gems/actionpack-4.2.5/lib/action_dispatch/middleware/templates/rescues/_request_and_response.html.erb (1.9ms)
  Rendered /home/varun/.rbenv/versions/2.2.3/lib/ruby/gems/2.2.0/gems/actionpack-4.2.5/lib/action_dispatch/middleware/templates/rescues/routing_error.html.erb within rescues/layout (31.9ms)
  Rendered /home/varun/.rbenv/versions/2.2.3/lib/ruby/gems/2.2.0/gems/web-console-2.3.0/lib/web_console/templates/_markup.html.erb (0.4ms)
  Rendered /home/varun/.rbenv/versions/2.2.3/lib/ruby/gems/2.2.0/gems/web-console-2.3.0/lib/web_console/templates/_inner_console_markup.html.erb within layouts/inlined_string (0.3ms)
  Rendered /home/varun/.rbenv/versions/2.2.3/lib/ruby/gems/2.2.0/gems/web-console-2.3.0/lib/web_console/templates/_prompt_box_markup.html.erb within layouts/inlined_string (0.3ms)
  Rendered /home/varun/.rbenv/versions/2.2.3/lib/ruby/gems/2.2.0/gems/web-console-2.3.0/lib/web_console/templates/style.css.erb within layouts/inlined_string (0.2ms)
  Rendered /home/varun/.rbenv/versions/2.2.3/lib/ruby/gems/2.2.0/gems/web-console-2.3.0/lib/web_console/templates/console.js.erb within layouts/javascript (14.6ms)
  Rendered /home/varun/.rbenv/versions/2.2.3/lib/ruby/gems/2.2.0/gems/web-console-2.3.0/lib/web_console/templates/main.js.erb within layouts/javascript (0.2ms)
  Rendered /home/varun/.rbenv/versions/2.2.3/lib/ruby/gems/2.2.0/gems/web-console-2.3.0/lib/web_console/templates/error_page.js.erb within layouts/javascript (0.3ms)
  Rendered /home/varun/.rbenv/versions/2.2.3/lib/ruby/gems/2.2.0/gems/web-console-2.3.0/lib/web_console/templates/index.html.erb (34.6ms)


Started GET "/users/sign_up" for 127.0.0.1 at 2016-03-03 11:04:01 -0500
Processing by Devise::RegistrationsController#new as HTML
  Rendered devise/shared/_links.html.erb (14.9ms)
  Rendered devise/registrations/new.html.erb within layouts/application (75.1ms)
Completed 200 OK in 618ms (Views: 600.5ms | ActiveRecord: 1.8ms)


Started POST "/users" for 127.0.0.1 at 2016-03-03 11:05:37 -0500
Processing by Devise::RegistrationsController#create as HTML
  Parameters: {"utf8"=>"✓", "authenticity_token"=>"a19pJQS02BRUNIMtdzy69dnD22Lsfpzz4WE82bsll1313LfS8gZa5B0pfjUpQxdqpB2dLmPNLsZKPVfY5kaCng==", "user"=>{"email"=>"varunsriram@cmail.carleton.ca", "password"=>"[FILTERED]", "password_confirmation"=>"[FILTERED]"}, "commit"=>"Sign up"}
  [1m[35m (0.2ms)[0m  BEGIN
  [1m[36mUser Exists (0.8ms)[0m  [1mSELECT  1 AS one FROM "users" WHERE "users"."email" = 'varunsriram@cmail.carleton.ca' LIMIT 1[0m
  [1m[35mSQL (0.3ms)[0m  INSERT INTO "users" ("email", "encrypted_password", "created_at", "updated_at") VALUES ($1, $2, $3, $4) RETURNING "id"  [["email", "varunsriram@cmail.carleton.ca"], ["encrypted_password", "$2a$10$K4Kh5od9ZEsQE0b4Gi8B5uf1j/KGPtK5d9dlGTB4NruxMjIGiZq0q"], ["created_at", "2016-03-03 16:05:37.999865"], ["updated_at", "2016-03-03 16:05:37.999865"]]
  [1m[36m (8.2ms)[0m  [1mCOMMIT[0m
  [1m[35m (0.1ms)[0m  BEGIN
  [1m[36mSQL (0.3ms)[0m  [1mUPDATE "users" SET "last_sign_in_at" = $1, "current_sign_in_at" = $2, "last_sign_in_ip" = $3, "current_sign_in_ip" = $4, "sign_in_count" = $5, "updated_at" = $6 WHERE "users"."id" = $7[0m  [["last_sign_in_at", "2016-03-03 16:05:38.010724"], ["current_sign_in_at", "2016-03-03 16:05:38.010724"], ["last_sign_in_ip", "127.0.0.1/32"], ["current_sign_in_ip", "127.0.0.1/32"], ["sign_in_count", 1], ["updated_at", "2016-03-03 16:05:38.011405"], ["id", 1]]
  [1m[35m (1.5ms)[0m  COMMIT
Redirected to http://localhost:3000/
Completed 302 Found in 160ms (ActiveRecord: 11.5ms)


Started GET "/" for 127.0.0.1 at 2016-03-03 11:05:38 -0500
Processing by ApplicationController#index as HTML
  Rendered text template (0.1ms)
Completed 200 OK in 1ms (Views: 0.4ms | ActiveRecord: 0.0ms)


Started GET "/login" for 127.0.0.1 at 2016-03-03 11:05:45 -0500

ActionController::RoutingError (No route matches [GET] "/login"):
  actionpack (4.2.5) lib/action_dispatch/middleware/debug_exceptions.rb:21:in `call'
  web-console (2.3.0) lib/web_console/middleware.rb:28:in `block in call'
  web-console (2.3.0) lib/web_console/middleware.rb:18:in `catch'
  web-console (2.3.0) lib/web_console/middleware.rb:18:in `call'
  actionpack (4.2.5) lib/action_dispatch/middleware/show_exceptions.rb:30:in `call'
  railties (4.2.5) lib/rails/rack/logger.rb:38:in `call_app'
  railties (4.2.5) lib/rails/rack/logger.rb:20:in `block in call'
  activesupport (4.2.5) lib/active_support/tagged_logging.rb:68:in `block in tagged'
  activesupport (4.2.5) lib/active_support/tagged_logging.rb:26:in `tagged'
  activesupport (4.2.5) lib/active_support/tagged_logging.rb:68:in `tagged'
  railties (4.2.5) lib/rails/rack/logger.rb:20:in `call'
  actionpack (4.2.5) lib/action_dispatch/middleware/request_id.rb:21:in `call'
  rack (1.6.4) lib/rack/methodoverride.rb:22:in `call'
  rack (1.6.4) lib/rack/runtime.rb:18:in `call'
  activesupport (4.2.5) lib/active_support/cache/strategy/local_cache_middleware.rb:28:in `call'
  rack (1.6.4) lib/rack/lock.rb:17:in `call'
  actionpack (4.2.5) lib/action_dispatch/middleware/static.rb:116:in `call'
  rack (1.6.4) lib/rack/sendfile.rb:113:in `call'
  railties (4.2.5) lib/rails/engine.rb:518:in `call'
  railties (4.2.5) lib/rails/application.rb:165:in `call'
  rack (1.6.4) lib/rack/lock.rb:17:in `call'
  rack (1.6.4) lib/rack/content_length.rb:15:in `call'
  rack (1.6.4) lib/rack/handler/webrick.rb:88:in `service'
  /home/varun/.rbenv/versions/2.2.3/lib/ruby/2.2.0/webrick/httpserver.rb:138:in `service'
  /home/varun/.rbenv/versions/2.2.3/lib/ruby/2.2.0/webrick/httpserver.rb:94:in `run'
  /home/varun/.rbenv/versions/2.2.3/lib/ruby/2.2.0/webrick/server.rb:294:in `block in start_thread'


  Rendered /home/varun/.rbenv/versions/2.2.3/lib/ruby/gems/2.2.0/gems/actionpack-4.2.5/lib/action_dispatch/middleware/templates/rescues/_trace.html.erb (1.1ms)
  Rendered /home/varun/.rbenv/versions/2.2.3/lib/ruby/gems/2.2.0/gems/actionpack-4.2.5/lib/action_dispatch/middleware/templates/routes/_route.html.erb (2.6ms)
  Rendered /home/varun/.rbenv/versions/2.2.3/lib/ruby/gems/2.2.0/gems/actionpack-4.2.5/lib/action_dispatch/middleware/templates/routes/_table.html.erb (0.9ms)
  Rendered /home/varun/.rbenv/versions/2.2.3/lib/ruby/gems/2.2.0/gems/actionpack-4.2.5/lib/action_dispatch/middleware/templates/rescues/_request_and_response.html.erb (1.0ms)
  Rendered /home/varun/.rbenv/versions/2.2.3/lib/ruby/gems/2.2.0/gems/actionpack-4.2.5/lib/action_dispatch/middleware/templates/rescues/routing_error.html.erb within rescues/layout (26.8ms)
  Rendered /home/varun/.rbenv/versions/2.2.3/lib/ruby/gems/2.2.0/gems/web-console-2.3.0/lib/web_console/templates/_markup.html.erb (0.3ms)
  Rendered /home/varun/.rbenv/versions/2.2.3/lib/ruby/gems/2.2.0/gems/web-console-2.3.0/lib/web_console/templates/_inner_console_markup.html.erb within layouts/inlined_string (0.3ms)
  Rendered /home/varun/.rbenv/versions/2.2.3/lib/ruby/gems/2.2.0/gems/web-console-2.3.0/lib/web_console/templates/_prompt_box_markup.html.erb within layouts/inlined_string (0.3ms)
  Rendered /home/varun/.rbenv/versions/2.2.3/lib/ruby/gems/2.2.0/gems/web-console-2.3.0/lib/web_console/templates/style.css.erb within layouts/inlined_string (0.3ms)
  Rendered /home/varun/.rbenv/versions/2.2.3/lib/ruby/gems/2.2.0/gems/web-console-2.3.0/lib/web_console/templates/console.js.erb within layouts/javascript (13.8ms)
  Rendered /home/varun/.rbenv/versions/2.2.3/lib/ruby/gems/2.2.0/gems/web-console-2.3.0/lib/web_console/templates/main.js.erb within layouts/javascript (0.3ms)
  Rendered /home/varun/.rbenv/versions/2.2.3/lib/ruby/gems/2.2.0/gems/web-console-2.3.0/lib/web_console/templates/error_page.js.erb within layouts/javascript (0.3ms)
  Rendered /home/varun/.rbenv/versions/2.2.3/lib/ruby/gems/2.2.0/gems/web-console-2.3.0/lib/web_console/templates/index.html.erb (34.4ms)


Started GET "/" for 127.0.0.1 at 2016-03-03 11:06:30 -0500
Processing by ApplicationController#index as HTML
  Rendered text template (0.0ms)
Completed 200 OK in 1ms (Views: 0.3ms | ActiveRecord: 0.0ms)


Started GET "/users/sign_in" for 127.0.0.1 at 2016-03-03 11:06:34 -0500
Processing by Devise::SessionsController#new as HTML
  [1m[36mUser Load (0.2ms)[0m  [1mSELECT  "users".* FROM "users" WHERE "users"."id" = $1  ORDER BY "users"."id" ASC LIMIT 1[0m  [["id", 1]]
Redirected to http://localhost:3000/
Filter chain halted as :require_no_authentication rendered or redirected
Completed 302 Found in 2ms (ActiveRecord: 0.2ms)


Started GET "/" for 127.0.0.1 at 2016-03-03 11:06:34 -0500
Processing by ApplicationController#index as HTML
  Rendered text template (0.0ms)
Completed 200 OK in 1ms (Views: 0.2ms | ActiveRecord: 0.0ms)


Started GET "/users/sign_out" for 127.0.0.1 at 2016-03-03 11:06:47 -0500

ActionController::RoutingError (No route matches [GET] "/users/sign_out"):
  actionpack (4.2.5) lib/action_dispatch/middleware/debug_exceptions.rb:21:in `call'
  web-console (2.3.0) lib/web_console/middleware.rb:28:in `block in call'
  web-console (2.3.0) lib/web_console/middleware.rb:18:in `catch'
  web-console (2.3.0) lib/web_console/middleware.rb:18:in `call'
  actionpack (4.2.5) lib/action_dispatch/middleware/show_exceptions.rb:30:in `call'
  railties (4.2.5) lib/rails/rack/logger.rb:38:in `call_app'
  railties (4.2.5) lib/rails/rack/logger.rb:20:in `block in call'
  activesupport (4.2.5) lib/active_support/tagged_logging.rb:68:in `block in tagged'
  activesupport (4.2.5) lib/active_support/tagged_logging.rb:26:in `tagged'
  activesupport (4.2.5) lib/active_support/tagged_logging.rb:68:in `tagged'
  railties (4.2.5) lib/rails/rack/logger.rb:20:in `call'
  actionpack (4.2.5) lib/action_dispatch/middleware/request_id.rb:21:in `call'
  rack (1.6.4) lib/rack/methodoverride.rb:22:in `call'
  rack (1.6.4) lib/rack/runtime.rb:18:in `call'
  activesupport (4.2.5) lib/active_support/cache/strategy/local_cache_middleware.rb:28:in `call'
  rack (1.6.4) lib/rack/lock.rb:17:in `call'
  actionpack (4.2.5) lib/action_dispatch/middleware/static.rb:116:in `call'
  rack (1.6.4) lib/rack/sendfile.rb:113:in `call'
  railties (4.2.5) lib/rails/engine.rb:518:in `call'
  railties (4.2.5) lib/rails/application.rb:165:in `call'
  rack (1.6.4) lib/rack/lock.rb:17:in `call'
  rack (1.6.4) lib/rack/content_length.rb:15:in `call'
  rack (1.6.4) lib/rack/handler/webrick.rb:88:in `service'
  /home/varun/.rbenv/versions/2.2.3/lib/ruby/2.2.0/webrick/httpserver.rb:138:in `service'
  /home/varun/.rbenv/versions/2.2.3/lib/ruby/2.2.0/webrick/httpserver.rb:94:in `run'
  /home/varun/.rbenv/versions/2.2.3/lib/ruby/2.2.0/webrick/server.rb:294:in `block in start_thread'


  Rendered /home/varun/.rbenv/versions/2.2.3/lib/ruby/gems/2.2.0/gems/actionpack-4.2.5/lib/action_dispatch/middleware/templates/rescues/_trace.html.erb (1.2ms)
  Rendered /home/varun/.rbenv/versions/2.2.3/lib/ruby/gems/2.2.0/gems/actionpack-4.2.5/lib/action_dispatch/middleware/templates/routes/_route.html.erb (1.0ms)
  Rendered /home/varun/.rbenv/versions/2.2.3/lib/ruby/gems/2.2.0/gems/actionpack-4.2.5/lib/action_dispatch/middleware/templates/routes/_table.html.erb (1.2ms)
  Rendered /home/varun/.rbenv/versions/2.2.3/lib/ruby/gems/2.2.0/gems/actionpack-4.2.5/lib/action_dispatch/middleware/templates/rescues/_request_and_response.html.erb (1.0ms)
  Rendered /home/varun/.rbenv/versions/2.2.3/lib/ruby/gems/2.2.0/gems/actionpack-4.2.5/lib/action_dispatch/middleware/templates/rescues/routing_error.html.erb within rescues/layout (22.1ms)
  Rendered /home/varun/.rbenv/versions/2.2.3/lib/ruby/gems/2.2.0/gems/web-console-2.3.0/lib/web_console/templates/_markup.html.erb (0.6ms)
  Rendered /home/varun/.rbenv/versions/2.2.3/lib/ruby/gems/2.2.0/gems/web-console-2.3.0/lib/web_console/templates/_inner_console_markup.html.erb within layouts/inlined_string (0.6ms)
  Rendered /home/varun/.rbenv/versions/2.2.3/lib/ruby/gems/2.2.0/gems/web-console-2.3.0/lib/web_console/templates/_prompt_box_markup.html.erb within layouts/inlined_string (0.4ms)
  Rendered /home/varun/.rbenv/versions/2.2.3/lib/ruby/gems/2.2.0/gems/web-console-2.3.0/lib/web_console/templates/style.css.erb within layouts/inlined_string (0.5ms)
  Rendered /home/varun/.rbenv/versions/2.2.3/lib/ruby/gems/2.2.0/gems/web-console-2.3.0/lib/web_console/templates/console.js.erb within layouts/javascript (16.3ms)
  Rendered /home/varun/.rbenv/versions/2.2.3/lib/ruby/gems/2.2.0/gems/web-console-2.3.0/lib/web_console/templates/main.js.erb within layouts/javascript (0.2ms)
  Rendered /home/varun/.rbenv/versions/2.2.3/lib/ruby/gems/2.2.0/gems/web-console-2.3.0/lib/web_console/templates/error_page.js.erb within layouts/javascript (0.4ms)
  Rendered /home/varun/.rbenv/versions/2.2.3/lib/ruby/gems/2.2.0/gems/web-console-2.3.0/lib/web_console/templates/index.html.erb (54.0ms)


Started GET "/users/sign_out" for 127.0.0.1 at 2016-03-03 11:06:59 -0500

ActionController::RoutingError (No route matches [GET] "/users/sign_out"):
  actionpack (4.2.5) lib/action_dispatch/middleware/debug_exceptions.rb:21:in `call'
  web-console (2.3.0) lib/web_console/middleware.rb:28:in `block in call'
  web-console (2.3.0) lib/web_console/middleware.rb:18:in `catch'
  web-console (2.3.0) lib/web_console/middleware.rb:18:in `call'
  actionpack (4.2.5) lib/action_dispatch/middleware/show_exceptions.rb:30:in `call'
  railties (4.2.5) lib/rails/rack/logger.rb:38:in `call_app'
  railties (4.2.5) lib/rails/rack/logger.rb:20:in `block in call'
  activesupport (4.2.5) lib/active_support/tagged_logging.rb:68:in `block in tagged'
  activesupport (4.2.5) lib/active_support/tagged_logging.rb:26:in `tagged'
  activesupport (4.2.5) lib/active_support/tagged_logging.rb:68:in `tagged'
  railties (4.2.5) lib/rails/rack/logger.rb:20:in `call'
  actionpack (4.2.5) lib/action_dispatch/middleware/request_id.rb:21:in `call'
  rack (1.6.4) lib/rack/methodoverride.rb:22:in `call'
  rack (1.6.4) lib/rack/runtime.rb:18:in `call'
  activesupport (4.2.5) lib/active_support/cache/strategy/local_cache_middleware.rb:28:in `call'
  rack (1.6.4) lib/rack/lock.rb:17:in `call'
  actionpack (4.2.5) lib/action_dispatch/middleware/static.rb:116:in `call'
  rack (1.6.4) lib/rack/sendfile.rb:113:in `call'
  railties (4.2.5) lib/rails/engine.rb:518:in `call'
  railties (4.2.5) lib/rails/application.rb:165:in `call'
  rack (1.6.4) lib/rack/lock.rb:17:in `call'
  rack (1.6.4) lib/rack/content_length.rb:15:in `call'
  rack (1.6.4) lib/rack/handler/webrick.rb:88:in `service'
  /home/varun/.rbenv/versions/2.2.3/lib/ruby/2.2.0/webrick/httpserver.rb:138:in `service'
  /home/varun/.rbenv/versions/2.2.3/lib/ruby/2.2.0/webrick/httpserver.rb:94:in `run'
  /home/varun/.rbenv/versions/2.2.3/lib/ruby/2.2.0/webrick/server.rb:294:in `block in start_thread'


  Rendered /home/varun/.rbenv/versions/2.2.3/lib/ruby/gems/2.2.0/gems/actionpack-4.2.5/lib/action_dispatch/middleware/templates/rescues/_trace.html.erb (2.1ms)
  Rendered /home/varun/.rbenv/versions/2.2.3/lib/ruby/gems/2.2.0/gems/actionpack-4.2.5/lib/action_dispatch/middleware/templates/routes/_route.html.erb (3.7ms)
  Rendered /home/varun/.rbenv/versions/2.2.3/lib/ruby/gems/2.2.0/gems/actionpack-4.2.5/lib/action_dispatch/middleware/templates/routes/_table.html.erb (1.4ms)
  Rendered /home/varun/.rbenv/versions/2.2.3/lib/ruby/gems/2.2.0/gems/actionpack-4.2.5/lib/action_dispatch/middleware/templates/rescues/_request_and_response.html.erb (1.2ms)
  Rendered /home/varun/.rbenv/versions/2.2.3/lib/ruby/gems/2.2.0/gems/actionpack-4.2.5/lib/action_dispatch/middleware/templates/rescues/routing_error.html.erb within rescues/layout (35.1ms)
  Rendered /home/varun/.rbenv/versions/2.2.3/lib/ruby/gems/2.2.0/gems/web-console-2.3.0/lib/web_console/templates/_markup.html.erb (0.3ms)
  Rendered /home/varun/.rbenv/versions/2.2.3/lib/ruby/gems/2.2.0/gems/web-console-2.3.0/lib/web_console/templates/_inner_console_markup.html.erb within layouts/inlined_string (0.4ms)
  Rendered /home/varun/.rbenv/versions/2.2.3/lib/ruby/gems/2.2.0/gems/web-console-2.3.0/lib/web_console/templates/_prompt_box_markup.html.erb within layouts/inlined_string (0.3ms)
  Rendered /home/varun/.rbenv/versions/2.2.3/lib/ruby/gems/2.2.0/gems/web-console-2.3.0/lib/web_console/templates/style.css.erb within layouts/inlined_string (0.4ms)
  Rendered /home/varun/.rbenv/versions/2.2.3/lib/ruby/gems/2.2.0/gems/web-console-2.3.0/lib/web_console/templates/console.js.erb within layouts/javascript (15.5ms)
  Rendered /home/varun/.rbenv/versions/2.2.3/lib/ruby/gems/2.2.0/gems/web-console-2.3.0/lib/web_console/templates/main.js.erb within layouts/javascript (0.3ms)
  Rendered /home/varun/.rbenv/versions/2.2.3/lib/ruby/gems/2.2.0/gems/web-console-2.3.0/lib/web_console/templates/error_page.js.erb within layouts/javascript (0.4ms)
  Rendered /home/varun/.rbenv/versions/2.2.3/lib/ruby/gems/2.2.0/gems/web-console-2.3.0/lib/web_console/templates/index.html.erb (30.2ms)


Started GET "/users/sign_in" for 127.0.0.1 at 2016-03-03 11:07:04 -0500
Processing by Devise::SessionsController#new as HTML
  [1m[35mUser Load (0.2ms)[0m  SELECT  "users".* FROM "users" WHERE "users"."id" = $1  ORDER BY "users"."id" ASC LIMIT 1  [["id", 1]]
Redirected to http://localhost:3000/
Filter chain halted as :require_no_authentication rendered or redirected
Completed 302 Found in 2ms (ActiveRecord: 0.2ms)


Started GET "/" for 127.0.0.1 at 2016-03-03 11:07:04 -0500
Processing by ApplicationController#index as HTML
  Rendered text template (0.0ms)
Completed 200 OK in 2ms (Views: 0.8ms | ActiveRecord: 0.0ms)


Started GET "/users//users/password/edit" for 127.0.0.1 at 2016-03-03 11:07:23 -0500

ActionController::RoutingError (No route matches [GET] "/users/users/password/edit"):
  actionpack (4.2.5) lib/action_dispatch/middleware/debug_exceptions.rb:21:in `call'
  web-console (2.3.0) lib/web_console/middleware.rb:28:in `block in call'
  web-console (2.3.0) lib/web_console/middleware.rb:18:in `catch'
  web-console (2.3.0) lib/web_console/middleware.rb:18:in `call'
  actionpack (4.2.5) lib/action_dispatch/middleware/show_exceptions.rb:30:in `call'
  railties (4.2.5) lib/rails/rack/logger.rb:38:in `call_app'
  railties (4.2.5) lib/rails/rack/logger.rb:20:in `block in call'
  activesupport (4.2.5) lib/active_support/tagged_logging.rb:68:in `block in tagged'
  activesupport (4.2.5) lib/active_support/tagged_logging.rb:26:in `tagged'
  activesupport (4.2.5) lib/active_support/tagged_logging.rb:68:in `tagged'
  railties (4.2.5) lib/rails/rack/logger.rb:20:in `call'
  actionpack (4.2.5) lib/action_dispatch/middleware/request_id.rb:21:in `call'
  rack (1.6.4) lib/rack/methodoverride.rb:22:in `call'
  rack (1.6.4) lib/rack/runtime.rb:18:in `call'
  activesupport (4.2.5) lib/active_support/cache/strategy/local_cache_middleware.rb:28:in `call'
  rack (1.6.4) lib/rack/lock.rb:17:in `call'
  actionpack (4.2.5) lib/action_dispatch/middleware/static.rb:116:in `call'
  rack (1.6.4) lib/rack/sendfile.rb:113:in `call'
  railties (4.2.5) lib/rails/engine.rb:518:in `call'
  railties (4.2.5) lib/rails/application.rb:165:in `call'
  rack (1.6.4) lib/rack/lock.rb:17:in `call'
  rack (1.6.4) lib/rack/content_length.rb:15:in `call'
  rack (1.6.4) lib/rack/handler/webrick.rb:88:in `service'
  /home/varun/.rbenv/versions/2.2.3/lib/ruby/2.2.0/webrick/httpserver.rb:138:in `service'
  /home/varun/.rbenv/versions/2.2.3/lib/ruby/2.2.0/webrick/httpserver.rb:94:in `run'
  /home/varun/.rbenv/versions/2.2.3/lib/ruby/2.2.0/webrick/server.rb:294:in `block in start_thread'


  Rendered /home/varun/.rbenv/versions/2.2.3/lib/ruby/gems/2.2.0/gems/actionpack-4.2.5/lib/action_dispatch/middleware/templates/rescues/_trace.html.erb (1.0ms)
  Rendered /home/varun/.rbenv/versions/2.2.3/lib/ruby/gems/2.2.0/gems/actionpack-4.2.5/lib/action_dispatch/middleware/templates/routes/_route.html.erb (1.4ms)
  Rendered /home/varun/.rbenv/versions/2.2.3/lib/ruby/gems/2.2.0/gems/actionpack-4.2.5/lib/action_dispatch/middleware/templates/routes/_table.html.erb (1.3ms)
  Rendered /home/varun/.rbenv/versions/2.2.3/lib/ruby/gems/2.2.0/gems/actionpack-4.2.5/lib/action_dispatch/middleware/templates/rescues/_request_and_response.html.erb (1.3ms)
  Rendered /home/varun/.rbenv/versions/2.2.3/lib/ruby/gems/2.2.0/gems/actionpack-4.2.5/lib/action_dispatch/middleware/templates/rescues/routing_error.html.erb within rescues/layout (25.1ms)
  Rendered /home/varun/.rbenv/versions/2.2.3/lib/ruby/gems/2.2.0/gems/web-console-2.3.0/lib/web_console/templates/_markup.html.erb (0.3ms)
  Rendered /home/varun/.rbenv/versions/2.2.3/lib/ruby/gems/2.2.0/gems/web-console-2.3.0/lib/web_console/templates/_inner_console_markup.html.erb within layouts/inlined_string (0.3ms)
  Rendered /home/varun/.rbenv/versions/2.2.3/lib/ruby/gems/2.2.0/gems/web-console-2.3.0/lib/web_console/templates/_prompt_box_markup.html.erb within layouts/inlined_string (0.3ms)
  Rendered /home/varun/.rbenv/versions/2.2.3/lib/ruby/gems/2.2.0/gems/web-console-2.3.0/lib/web_console/templates/style.css.erb within layouts/inlined_string (0.6ms)
  Rendered /home/varun/.rbenv/versions/2.2.3/lib/ruby/gems/2.2.0/gems/web-console-2.3.0/lib/web_console/templates/console.js.erb within layouts/javascript (15.2ms)
  Rendered /home/varun/.rbenv/versions/2.2.3/lib/ruby/gems/2.2.0/gems/web-console-2.3.0/lib/web_console/templates/main.js.erb within layouts/javascript (0.3ms)
  Rendered /home/varun/.rbenv/versions/2.2.3/lib/ruby/gems/2.2.0/gems/web-console-2.3.0/lib/web_console/templates/error_page.js.erb within layouts/javascript (0.4ms)
  Rendered /home/varun/.rbenv/versions/2.2.3/lib/ruby/gems/2.2.0/gems/web-console-2.3.0/lib/web_console/templates/index.html.erb (29.1ms)


Started GET "/users/password/edit" for 127.0.0.1 at 2016-03-03 11:07:41 -0500
Processing by Devise::PasswordsController#edit as HTML
  [1m[36mUser Load (0.3ms)[0m  [1mSELECT  "users".* FROM "users" WHERE "users"."id" = $1  ORDER BY "users"."id" ASC LIMIT 1[0m  [["id", 1]]
Redirected to http://localhost:3000/
Filter chain halted as :require_no_authentication rendered or redirected
Completed 302 Found in 3ms (ActiveRecord: 0.3ms)


Started GET "/" for 127.0.0.1 at 2016-03-03 11:07:41 -0500
Processing by ApplicationController#index as HTML
  Rendered text template (0.0ms)
Completed 200 OK in 1ms (Views: 0.3ms | ActiveRecord: 0.0ms)


Started GET "/users/sign_out" for 127.0.0.1 at 2016-03-03 11:08:00 -0500

ActionController::RoutingError (No route matches [GET] "/users/sign_out"):
  actionpack (4.2.5) lib/action_dispatch/middleware/debug_exceptions.rb:21:in `call'
  web-console (2.3.0) lib/web_console/middleware.rb:28:in `block in call'
  web-console (2.3.0) lib/web_console/middleware.rb:18:in `catch'
  web-console (2.3.0) lib/web_console/middleware.rb:18:in `call'
  actionpack (4.2.5) lib/action_dispatch/middleware/show_exceptions.rb:30:in `call'
  railties (4.2.5) lib/rails/rack/logger.rb:38:in `call_app'
  railties (4.2.5) lib/rails/rack/logger.rb:20:in `block in call'
  activesupport (4.2.5) lib/active_support/tagged_logging.rb:68:in `block in tagged'
  activesupport (4.2.5) lib/active_support/tagged_logging.rb:26:in `tagged'
  activesupport (4.2.5) lib/active_support/tagged_logging.rb:68:in `tagged'
  railties (4.2.5) lib/rails/rack/logger.rb:20:in `call'
  actionpack (4.2.5) lib/action_dispatch/middleware/request_id.rb:21:in `call'
  rack (1.6.4) lib/rack/methodoverride.rb:22:in `call'
  rack (1.6.4) lib/rack/runtime.rb:18:in `call'
  activesupport (4.2.5) lib/active_support/cache/strategy/local_cache_middleware.rb:28:in `call'
  rack (1.6.4) lib/rack/lock.rb:17:in `call'
  actionpack (4.2.5) lib/action_dispatch/middleware/static.rb:116:in `call'
  rack (1.6.4) lib/rack/sendfile.rb:113:in `call'
  railties (4.2.5) lib/rails/engine.rb:518:in `call'
  railties (4.2.5) lib/rails/application.rb:165:in `call'
  rack (1.6.4) lib/rack/lock.rb:17:in `call'
  rack (1.6.4) lib/rack/content_length.rb:15:in `call'
  rack (1.6.4) lib/rack/handler/webrick.rb:88:in `service'
  /home/varun/.rbenv/versions/2.2.3/lib/ruby/2.2.0/webrick/httpserver.rb:138:in `service'
  /home/varun/.rbenv/versions/2.2.3/lib/ruby/2.2.0/webrick/httpserver.rb:94:in `run'
  /home/varun/.rbenv/versions/2.2.3/lib/ruby/2.2.0/webrick/server.rb:294:in `block in start_thread'


  Rendered /home/varun/.rbenv/versions/2.2.3/lib/ruby/gems/2.2.0/gems/actionpack-4.2.5/lib/action_dispatch/middleware/templates/rescues/_trace.html.erb (8.2ms)
  Rendered /home/varun/.rbenv/versions/2.2.3/lib/ruby/gems/2.2.0/gems/actionpack-4.2.5/lib/action_dispatch/middleware/templates/routes/_route.html.erb (2.6ms)
  Rendered /home/varun/.rbenv/versions/2.2.3/lib/ruby/gems/2.2.0/gems/actionpack-4.2.5/lib/action_dispatch/middleware/templates/routes/_table.html.erb (2.2ms)
  Rendered /home/varun/.rbenv/versions/2.2.3/lib/ruby/gems/2.2.0/gems/actionpack-4.2.5/lib/action_dispatch/middleware/templates/rescues/_request_and_response.html.erb (1.3ms)
  Rendered /home/varun/.rbenv/versions/2.2.3/lib/ruby/gems/2.2.0/gems/actionpack-4.2.5/lib/action_dispatch/middleware/templates/rescues/routing_error.html.erb within rescues/layout (38.7ms)
  Rendered /home/varun/.rbenv/versions/2.2.3/lib/ruby/gems/2.2.0/gems/web-console-2.3.0/lib/web_console/templates/_markup.html.erb (0.7ms)
  Rendered /home/varun/.rbenv/versions/2.2.3/lib/ruby/gems/2.2.0/gems/web-console-2.3.0/lib/web_console/templates/_inner_console_markup.html.erb within layouts/inlined_string (0.3ms)
  Rendered /home/varun/.rbenv/versions/2.2.3/lib/ruby/gems/2.2.0/gems/web-console-2.3.0/lib/web_console/templates/_prompt_box_markup.html.erb within layouts/inlined_string (0.5ms)
  Rendered /home/varun/.rbenv/versions/2.2.3/lib/ruby/gems/2.2.0/gems/web-console-2.3.0/lib/web_console/templates/style.css.erb within layouts/inlined_string (0.3ms)
  Rendered /home/varun/.rbenv/versions/2.2.3/lib/ruby/gems/2.2.0/gems/web-console-2.3.0/lib/web_console/templates/console.js.erb within layouts/javascript (15.3ms)
  Rendered /home/varun/.rbenv/versions/2.2.3/lib/ruby/gems/2.2.0/gems/web-console-2.3.0/lib/web_console/templates/main.js.erb within layouts/javascript (0.5ms)
  Rendered /home/varun/.rbenv/versions/2.2.3/lib/ruby/gems/2.2.0/gems/web-console-2.3.0/lib/web_console/templates/error_page.js.erb within layouts/javascript (0.3ms)
  Rendered /home/varun/.rbenv/versions/2.2.3/lib/ruby/gems/2.2.0/gems/web-console-2.3.0/lib/web_console/templates/index.html.erb (33.9ms)


Started GET "/users/edit" for 127.0.0.1 at 2016-03-03 11:08:28 -0500
Processing by Devise::RegistrationsController#edit as HTML
  [1m[35mUser Load (0.2ms)[0m  SELECT  "users".* FROM "users" WHERE "users"."id" = $1  ORDER BY "users"."id" ASC LIMIT 1  [["id", 1]]
  Rendered devise/registrations/edit.html.erb within layouts/application (8.8ms)
Completed 200 OK in 22ms (Views: 20.3ms | ActiveRecord: 0.2ms)


Started DELETE "/users" for 127.0.0.1 at 2016-03-03 11:08:35 -0500
Processing by Devise::RegistrationsController#destroy as HTML
  Parameters: {"authenticity_token"=>"99TbSpn/6ZGdGGNJROLaCsRHshMyMovTxlSR+0dA3bNpVwW9b01rYdQFnlEanXeVuZn0X72BOeZtCPr6GiPIcA=="}
  [1m[36mUser Load (0.3ms)[0m  [1mSELECT  "users".* FROM "users" WHERE "users"."id" = $1  ORDER BY "users"."id" ASC LIMIT 1[0m  [["id", 1]]
  [1m[35m (0.1ms)[0m  BEGIN
  [1m[36mSQL (0.1ms)[0m  [1mDELETE FROM "users" WHERE "users"."id" = $1[0m  [["id", 1]]
  [1m[35m (1.1ms)[0m  COMMIT
Redirected to http://localhost:3000/
Completed 302 Found in 8ms (ActiveRecord: 1.6ms)


Started GET "/" for 127.0.0.1 at 2016-03-03 11:08:35 -0500
Processing by ApplicationController#index as HTML
  Rendered text template (0.0ms)
Completed 200 OK in 1ms (Views: 0.4ms | ActiveRecord: 0.0ms)


Started GET "/users/sign_in" for 127.0.0.1 at 2016-03-03 11:08:51 -0500
Processing by Devise::SessionsController#new as HTML
  Rendered devise/shared/_links.html.erb (13.3ms)
  Rendered devise/sessions/new.html.erb within layouts/application (65.8ms)
Completed 200 OK in 80ms (Views: 78.6ms | ActiveRecord: 0.0ms)
